Line 55: The property name _ExtentX in rptchama is invalid.
Line 56: The property name _ExtentY in rptchama is invalid.
Line 57: The property name _Version in rptchama is invalid.
Line 58: The property name ReportFileName in rptchama is invalid.
Line 63: The property name _ExtentX in rpteq is invalid.
Line 64: The property name _ExtentY in rpteq is invalid.
Line 65: The property name _Version in rpteq is invalid.
Line 66: The property name ReportFileName in rpteq is invalid.
Line 71: The property name _ExtentX in rptclientes is invalid.
Line 72: The property name _ExtentY in rptclientes is invalid.
Line 73: The property name _Version in rptclientes is invalid.
Line 74: The property name ReportFileName in rptclientes is invalid.
Line 75: The property name WindowControlBox in rptclientes is invalid.
Line 76: The property name WindowMaxButton in rptclientes is invalid.
Line 77: The property name WindowMinButton in rptclientes is invalid.
Line 82: The property name _ExtentX in rptchamado is invalid.
Line 83: The property name _ExtentY in rptchamado is invalid.
Line 84: The property name _Version in rptchamado is invalid.
Line 85: The property name ReportFileName in rptchamado is invalid.
Line 86: The property name WindowControlBox in rptchamado is invalid.
Line 87: The property name WindowMaxButton in rptchamado is invalid.
Line 88: The property name WindowMinButton in rptchamado is invalid.
